android/app/build/intermediates/manifest_merge_blame_file/debug/manifest-merger-blame-debug-report.txt
1<?xml version="1.0" encoding="utf-8"?>
2<manifest xmlns:android="http://schemas.android.com/apk/res/android"
3    package="com.example.gstapp"
4    android:versionCode="6"
5    android:versionName="1.0.0" >
6
7    <uses-sdk
8        android:minSdkVersion="21"
9        android:targetSdkVersion="28" />
10    <!--
11         Flutter needs it to communicate with the running application
12         to allow setting breakpoints, to provide hot reload, etc.
13    -->
14    <uses-permission android:name="android.permission.INTERNET" />
14-->src\main\AndroidManifest.xml:30:5-66
14-->src\main\AndroidManifest.xml:30:22-64
15    <uses-permission android:name="android.permission.ACCESS_NETWORK_STATE" />
15-->[:firebase_analytics] AndroidManifest.xml:7:5-79
15-->[:firebase_analytics] AndroidManifest.xml:7:22-76
16    <uses-permission android:name="android.permission.WAKE_LOCK" />
16-->[:firebase_analytics] AndroidManifest.xml:9:5-68
16-->[:firebase_analytics] AndroidManifest.xml:9:22-65
17    <uses-permission android:name="android.permission.USE_FINGERPRINT" /> <!-- Required by older versions of Google Play services to create IID tokens -->
17-->[:local_auth] AndroidManifest.xml:9:5-74
17-->[:local_auth] AndroidManifest.xml:9:22-71
18    <uses-permission android:name="com.google.android.c2dm.permission.RECEIVE" />
18-->[com.google.firebase:firebase-messaging:23.0.0] AndroidManifest.xml:25:5-82
18-->[com.google.firebase:firebase-messaging:23.0.0] AndroidManifest.xml:25:22-79
19    <uses-permission android:name="android.permission.USE_BIOMETRIC" />
19-->[androidx.biometric:biometric:1.1.0] AndroidManifest.xml:24:5-72
19-->[androidx.biometric:biometric:1.1.0] AndroidManifest.xml:24:22-69
20    <uses-permission android:name="com.google.android.finsky.permission.BIND_GET_INSTALL_REFERRER_SERVICE" /> <!-- Include required permissions for Advertising Id -->
20-->[com.google.android.gms:play-services-measurement:20.0.2] AndroidManifest.xml:26:5-110
20-->[com.google.android.gms:play-services-measurement:20.0.2] AndroidManifest.xml:26:22-107
21    <uses-permission android:name="com.google.android.gms.permission.AD_ID" />
21-->[com.google.android.gms:play-services-ads-identifier:18.0.0] AndroidManifest.xml:23:5-79
21-->[com.google.android.gms:play-services-ads-identifier:18.0.0] AndroidManifest.xml:23:22-76
22    <!--
23 io.flutter.app.FlutterApplication is an android.app.Application that
24         calls FlutterMain.startInitialization(this); in its onCreate method.
25         In most cases you can leave this as-is, but you if you want to provide
26         additional functionality it is fine to subclass or reimplement
27         FlutterApplication and put your custom class here.
28    -->
29    <application
29-->src\main\AndroidManifest.xml:8:5-29:19
30        android:name="io.flutter.app.FlutterApplication"
30-->src\main\AndroidManifest.xml:9:9-57
31        android:appComponentFactory="androidx.core.app.CoreComponentFactory"
31-->[androidx.core:core:1.6.0] AndroidManifest.xml:24:18-86
32        android:debuggable="true"
33        android:icon="@mipmap/ic_launcher"
33-->src\main\AndroidManifest.xml:11:9-43
34        android:label="TallyAssist" >
34-->src\main\AndroidManifest.xml:10:9-36
35        <activity
35-->src\main\AndroidManifest.xml:12:9-23:20
36            android:name="com.example.gstapp.MainActivity"
36-->src\main\AndroidManifest.xml:13:13-41
37            android:configChanges="orientation|keyboardHidden|keyboard|screenSize|smallestScreenSize|locale|layoutDirection|fontScale|screenLayout|density|uiMode"
37-->src\main\AndroidManifest.xml:16:13-163
38            android:hardwareAccelerated="true"
38-->src\main\AndroidManifest.xml:17:13-47
39            android:launchMode="singleTop"
39-->src\main\AndroidManifest.xml:14:13-43
40            android:theme="@style/LaunchTheme"
40-->src\main\AndroidManifest.xml:15:13-47
41            android:windowSoftInputMode="adjustResize" >
41-->src\main\AndroidManifest.xml:18:13-55
42            <intent-filter>
42-->src\main\AndroidManifest.xml:19:13-22:29
43                <action android:name="android.intent.action.MAIN" />
43-->src\main\AndroidManifest.xml:20:17-68
43-->src\main\AndroidManifest.xml:20:25-66
44
45                <category android:name="android.intent.category.LAUNCHER" />
45-->src\main\AndroidManifest.xml:21:17-76
45-->src\main\AndroidManifest.xml:21:27-74
46            </intent-filter>
47        </activity>
48        <!--
49             Don't delete the meta-data below.
50             This is used by the Flutter tool to generate GeneratedPluginRegistrant.java
51        -->
52        <meta-data
52-->src\main\AndroidManifest.xml:26:9-28:33
53            android:name="flutterEmbedding"
53-->src\main\AndroidManifest.xml:27:13-44
54            android:value="2" />
54-->src\main\AndroidManifest.xml:28:13-30
55
56        <service
56-->[:cloud_firestore] AndroidManifest.xml:8:9-12:19
57            android:name="com.google.firebase.components.ComponentDiscoveryService"
57-->[:cloud_firestore] AndroidManifest.xml:8:18-89
58            android:directBootAware="true"
58-->[com.google.firebase:firebase-common:20.0.0] AndroidManifest.xml:35:13-43
59            android:exported="false" >
59-->[com.google.firebase:firebase-auth:21.0.1] AndroidManifest.xml:76:13-37
60            <meta-data
60-->[:cloud_firestore] AndroidManifest.xml:9:13-11:85
61                android:name="com.google.firebase.components:io.flutter.plugins.firebase.firestore.FlutterFirebaseFirestoreRegistrar"
61-->[:cloud_firestore] AndroidManifest.xml:10:17-134
62                android:value="com.google.firebase.components.ComponentRegistrar" />
62-->[:cloud_firestore] AndroidManifest.xml:11:17-82
63            <meta-data
63-->[:firebase_analytics] AndroidManifest.xml:13:13-15:85
64                android:name="com.google.firebase.components:io.flutter.plugins.firebase.analytics.FlutterFirebaseAppRegistrar"
64-->[:firebase_analytics] AndroidManifest.xml:14:17-128
65                android:value="com.google.firebase.components.ComponentRegistrar" />
65-->[:firebase_analytics] AndroidManifest.xml:15:17-82
66            <meta-data
66-->[:firebase_auth] AndroidManifest.xml:9:13-11:85
67                android:name="com.google.firebase.components:io.flutter.plugins.firebase.auth.FlutterFirebaseAuthRegistrar"
67-->[:firebase_auth] AndroidManifest.xml:10:17-124
68                android:value="com.google.firebase.components.ComponentRegistrar" />
68-->[:firebase_auth] AndroidManifest.xml:11:17-82
69            <meta-data
69-->[:firebase_storage] AndroidManifest.xml:9:13-11:85
70                android:name="com.google.firebase.components:io.flutter.plugins.firebase.storage.FlutterFirebaseAppRegistrar"
70-->[:firebase_storage] AndroidManifest.xml:10:17-126
71                android:value="com.google.firebase.components.ComponentRegistrar" />
71-->[:firebase_storage] AndroidManifest.xml:11:17-82
72            <meta-data
72-->[:firebase_messaging] AndroidManifest.xml:34:13-36:85
73                android:name="com.google.firebase.components:io.flutter.plugins.firebase.messaging.FlutterFirebaseAppRegistrar"
73-->[:firebase_messaging] AndroidManifest.xml:35:17-128
74                android:value="com.google.firebase.components.ComponentRegistrar" />
74-->[:firebase_messaging] AndroidManifest.xml:36:17-82
75            <meta-data
75-->[:firebase_core] AndroidManifest.xml:9:13-11:85
76                android:name="com.google.firebase.components:io.flutter.plugins.firebase.core.FlutterFirebaseCoreRegistrar"
76-->[:firebase_core] AndroidManifest.xml:10:17-124
77                android:value="com.google.firebase.components.ComponentRegistrar" />
77-->[:firebase_core] AndroidManifest.xml:11:17-82
78            <meta-data
78-->[com.google.firebase:firebase-auth:21.0.1] AndroidManifest.xml:77:13-79:85
79                android:name="com.google.firebase.components:com.google.firebase.auth.FirebaseAuthRegistrar"
79-->[com.google.firebase:firebase-auth:21.0.1] AndroidManifest.xml:78:17-109
80                android:value="com.google.firebase.components.ComponentRegistrar" />
80-->[com.google.firebase:firebase-auth:21.0.1] AndroidManifest.xml:79:17-82
81            <meta-data
81-->[com.google.firebase:firebase-firestore:24.0.0] AndroidManifest.xml:20:13-22:85
82                android:name="com.google.firebase.components:com.google.firebase.firestore.FirestoreRegistrar"
82-->[com.google.firebase:firebase-firestore:24.0.0] AndroidManifest.xml:21:17-111
83                android:value="com.google.firebase.components.ComponentRegistrar" />
83-->[com.google.firebase:firebase-firestore:24.0.0] AndroidManifest.xml:22:17-82
84            <meta-data
84-->[com.google.firebase:firebase-messaging:23.0.0] AndroidManifest.xml:52:13-54:85
85                android:name="com.google.firebase.components:com.google.firebase.messaging.FirebaseMessagingRegistrar"
85-->[com.google.firebase:firebase-messaging:23.0.0] AndroidManifest.xml:53:17-119
86                android:value="com.google.firebase.components.ComponentRegistrar" />
86-->[com.google.firebase:firebase-messaging:23.0.0] AndroidManifest.xml:54:17-82
87            <meta-data
87-->[com.google.firebase:firebase-storage:20.0.0] AndroidManifest.xml:33:13-35:85
88                android:name="com.google.firebase.components:com.google.firebase.storage.StorageRegistrar"
88-->[com.google.firebase:firebase-storage:20.0.0] AndroidManifest.xml:34:17-107
89                android:value="com.google.firebase.components.ComponentRegistrar" />
89-->[com.google.firebase:firebase-storage:20.0.0] AndroidManifest.xml:35:17-82
90            <meta-data
90-->[com.google.android.gms:play-services-measurement-api:20.0.2] AndroidManifest.xml:30:13-32:85
91                android:name="com.google.firebase.components:com.google.firebase.analytics.connector.internal.AnalyticsConnectorRegistrar"
91-->[com.google.android.gms:play-services-measurement-api:20.0.2] AndroidManifest.xml:31:17-139
92                android:value="com.google.firebase.components.ComponentRegistrar" />
92-->[com.google.android.gms:play-services-measurement-api:20.0.2] AndroidManifest.xml:32:17-82
93            <meta-data
93-->[com.google.firebase:firebase-datatransport:18.0.0] AndroidManifest.xml:28:13-30:85
94                android:name="com.google.firebase.components:com.google.firebase.datatransport.TransportRegistrar"
94-->[com.google.firebase:firebase-datatransport:18.0.0] AndroidManifest.xml:29:17-115
95                android:value="com.google.firebase.components.ComponentRegistrar" />
95-->[com.google.firebase:firebase-datatransport:18.0.0] AndroidManifest.xml:30:17-82
96            <meta-data
96-->[com.google.firebase:firebase-installations:17.0.0] AndroidManifest.xml:18:13-20:85
97                android:name="com.google.firebase.components:com.google.firebase.installations.FirebaseInstallationsRegistrar"
97-->[com.google.firebase:firebase-installations:17.0.0] AndroidManifest.xml:19:17-127
98                android:value="com.google.firebase.components.ComponentRegistrar" />
98-->[com.google.firebase:firebase-installations:17.0.0] AndroidManifest.xml:20:17-82
99        </service>
100        <service
100-->[:firebase_messaging] AndroidManifest.xml:12:9-15:72
101            android:name="io.flutter.plugins.firebase.messaging.FlutterFirebaseMessagingBackgroundService"
101-->[:firebase_messaging] AndroidManifest.xml:13:13-107
102            android:exported="false"
102-->[:firebase_messaging] AndroidManifest.xml:14:13-37
103            android:permission="android.permission.BIND_JOB_SERVICE" />
103-->[:firebase_messaging] AndroidManifest.xml:15:13-69
104        <service
104-->[:firebase_messaging] AndroidManifest.xml:16:9-22:19
105            android:name="io.flutter.plugins.firebase.messaging.FlutterFirebaseMessagingService"
105-->[:firebase_messaging] AndroidManifest.xml:17:13-97
106            android:exported="false" >
106-->[:firebase_messaging] AndroidManifest.xml:18:13-37
107            <intent-filter>
107-->[:firebase_messaging] AndroidManifest.xml:19:13-21:29
108                <action android:name="com.google.firebase.MESSAGING_EVENT" />
108-->[:firebase_messaging] AndroidManifest.xml:20:17-78
108-->[:firebase_messaging] AndroidManifest.xml:20:25-75
109            </intent-filter>
110        </service>
111
112        <receiver
112-->[:firebase_messaging] AndroidManifest.xml:24:9-31:20
113            android:name="io.flutter.plugins.firebase.messaging.FlutterFirebaseMessagingReceiver"
113-->[:firebase_messaging] AndroidManifest.xml:25:13-98
114            android:exported="true"
114-->[:firebase_messaging] AndroidManifest.xml:26:13-36
115            android:permission="com.google.android.c2dm.permission.SEND" >
115-->[:firebase_messaging] AndroidManifest.xml:27:13-73
116            <intent-filter>
116-->[:firebase_messaging] AndroidManifest.xml:28:13-30:29
117                <action android:name="com.google.android.c2dm.intent.RECEIVE" />
117-->[:firebase_messaging] AndroidManifest.xml:29:17-81
117-->[:firebase_messaging] AndroidManifest.xml:29:25-78
118            </intent-filter>
119        </receiver>
120
121        <provider
121-->[:firebase_messaging] AndroidManifest.xml:39:9-43:38
122            android:name="io.flutter.plugins.firebase.messaging.FlutterFirebaseMessagingInitProvider"
122-->[:firebase_messaging] AndroidManifest.xml:40:13-102
123            android:authorities="com.example.gstapp.flutterfirebasemessaginginitprovider"
123-->[:firebase_messaging] AndroidManifest.xml:41:13-88
124            android:exported="false"
124-->[:firebase_messaging] AndroidManifest.xml:42:13-37
125            android:initOrder="99" />
125-->[:firebase_messaging] AndroidManifest.xml:43:13-35
126        <provider
126-->[:image_picker] AndroidManifest.xml:8:9-16:20
127            android:name="io.flutter.plugins.imagepicker.ImagePickerFileProvider"
127-->[:image_picker] AndroidManifest.xml:9:13-82
128            android:authorities="com.example.gstapp.flutter.image_provider"
128-->[:image_picker] AndroidManifest.xml:10:13-74
129            android:exported="false"
129-->[:image_picker] AndroidManifest.xml:11:13-37
130            android:grantUriPermissions="true" >
130-->[:image_picker] AndroidManifest.xml:12:13-47
131            <meta-data
131-->[:image_picker] AndroidManifest.xml:13:13-15:75
132                android:name="android.support.FILE_PROVIDER_PATHS"
132-->[:image_picker] AndroidManifest.xml:14:17-67
133                android:resource="@xml/flutter_image_picker_file_paths" />
133-->[:image_picker] AndroidManifest.xml:15:17-72
134        </provider>
135        <provider
135-->[:esys_flutter_share] AndroidManifest.xml:8:9-16:20
136            android:name="de.esys.esysfluttershare.EsysFlutterShareFileProvider"
136-->[:esys_flutter_share] AndroidManifest.xml:9:13-81
137            android:authorities="com.example.gstapp.fileprovider.github.com/orgs/esysberlin/esys-flutter-share"
137-->[:esys_flutter_share] AndroidManifest.xml:10:13-110
138            android:exported="false"
138-->[:esys_flutter_share] AndroidManifest.xml:11:13-37
139            android:grantUriPermissions="true" >
139-->[:esys_flutter_share] AndroidManifest.xml:12:13-47
140            <meta-data
140-->[:image_picker] AndroidManifest.xml:13:13-15:75
141                android:name="android.support.FILE_PROVIDER_PATHS"
141-->[:image_picker] AndroidManifest.xml:14:17-67
142                android:resource="@xml/esys_flutter_share_filepaths" />
142-->[:image_picker] AndroidManifest.xml:15:17-72
143        </provider>
144
145        <activity
145-->[:url_launcher_android] AndroidManifest.xml:8:9-11:74
146            android:name="io.flutter.plugins.urllauncher.WebViewActivity"
146-->[:url_launcher_android] AndroidManifest.xml:9:13-74
147            android:exported="false"
147-->[:url_launcher_android] AndroidManifest.xml:10:13-37
148            android:theme="@android:style/Theme.NoTitleBar.Fullscreen" />
148-->[:url_launcher_android] AndroidManifest.xml:11:13-71
149
150        <provider
150-->[:printing] AndroidManifest.xml:8:9-16:20
151            android:name="net.nfet.flutter.printing.PrintFileProvider"
151-->[:printing] AndroidManifest.xml:9:13-71
152            android:authorities="com.example.gstapp.flutter.printing"
152-->[:printing] AndroidManifest.xml:10:13-68
153            android:exported="false"
153-->[:printing] AndroidManifest.xml:11:13-37
154            android:grantUriPermissions="true" >
154-->[:printing] AndroidManifest.xml:12:13-47
155            <meta-data
155-->[:image_picker] AndroidManifest.xml:13:13-15:75
156                android:name="android.support.FILE_PROVIDER_PATHS"
156-->[:image_picker] AndroidManifest.xml:14:17-67
157                android:resource="@xml/flutter_printing_file_paths" />
157-->[:image_picker] AndroidManifest.xml:15:17-72
158        </provider>
159        <provider
159-->[:share] AndroidManifest.xml:8:9-16:20
160            android:name="io.flutter.plugins.share.ShareFileProvider"
160-->[:share] AndroidManifest.xml:9:13-70
161            android:authorities="com.example.gstapp.flutter.share_provider"
161-->[:share] AndroidManifest.xml:10:13-74
162            android:exported="false"
162-->[:share] AndroidManifest.xml:11:13-37
163            android:grantUriPermissions="true" >
163-->[:share] AndroidManifest.xml:12:13-47
164            <meta-data
164-->[:image_picker] AndroidManifest.xml:13:13-15:75
165                android:name="android.support.FILE_PROVIDER_PATHS"
165-->[:image_picker] AndroidManifest.xml:14:17-67
166                android:resource="@xml/flutter_share_file_paths" />
166-->[:image_picker] AndroidManifest.xml:15:17-72
167        </provider>
168
169        <activity
169-->[com.google.firebase:firebase-auth:21.0.1] AndroidManifest.xml:27:9-44:20
170            android:name="com.google.firebase.auth.internal.GenericIdpActivity"
170-->[com.google.firebase:firebase-auth:21.0.1] AndroidManifest.xml:28:13-80
171            android:excludeFromRecents="true"
171-->[com.google.firebase:firebase-auth:21.0.1] AndroidManifest.xml:29:13-46
172            android:exported="true"
172-->[com.google.firebase:firebase-auth:21.0.1] AndroidManifest.xml:30:13-36
173            android:launchMode="singleTask"
173-->[com.google.firebase:firebase-auth:21.0.1] AndroidManifest.xml:31:13-44
174            android:theme="@android:style/Theme.Translucent.NoTitleBar" >
174-->[com.google.firebase:firebase-auth:21.0.1] AndroidManifest.xml:32:13-72
175            <intent-filter>
175-->[com.google.firebase:firebase-auth:21.0.1] AndroidManifest.xml:33:13-43:29
176                <action android:name="android.intent.action.VIEW" />
176-->[com.google.firebase:firebase-auth:21.0.1] AndroidManifest.xml:34:17-69
176-->[com.google.firebase:firebase-auth:21.0.1] AndroidManifest.xml:34:25-66
177
178                <category android:name="android.intent.category.DEFAULT" />
178-->[com.google.firebase:firebase-auth:21.0.1] AndroidManifest.xml:36:17-76
178-->[com.google.firebase:firebase-auth:21.0.1] AndroidManifest.xml:36:27-73
179                <category android:name="android.intent.category.BROWSABLE" />
179-->[com.google.firebase:firebase-auth:21.0.1] AndroidManifest.xml:37:17-78
179-->[com.google.firebase:firebase-auth:21.0.1] AndroidManifest.xml:37:27-75
180
181                <data
181-->[com.google.firebase:firebase-auth:21.0.1] AndroidManifest.xml:39:17-42:51
182                    android:host="firebase.auth"
182-->[com.google.firebase:firebase-auth:21.0.1] AndroidManifest.xml:40:21-49
183                    android:path="/"
183-->[com.google.firebase:firebase-auth:21.0.1] AndroidManifest.xml:41:21-37
184                    android:scheme="genericidp" />
184-->[com.google.firebase:firebase-auth:21.0.1] AndroidManifest.xml:42:21-48
185            </intent-filter>
186        </activity>
187        <activity
187-->[com.google.firebase:firebase-auth:21.0.1] AndroidManifest.xml:45:9-62:20
188            android:name="com.google.firebase.auth.internal.RecaptchaActivity"
188-->[com.google.firebase:firebase-auth:21.0.1] AndroidManifest.xml:46:13-79
189            android:excludeFromRecents="true"
189-->[com.google.firebase:firebase-auth:21.0.1] AndroidManifest.xml:47:13-46
190            android:exported="true"
190-->[com.google.firebase:firebase-auth:21.0.1] AndroidManifest.xml:48:13-36
191            android:launchMode="singleTask"
191-->[com.google.firebase:firebase-auth:21.0.1] AndroidManifest.xml:49:13-44
192            android:theme="@android:style/Theme.Translucent.NoTitleBar" >
192-->[com.google.firebase:firebase-auth:21.0.1] AndroidManifest.xml:50:13-72
193            <intent-filter>
193-->[com.google.firebase:firebase-auth:21.0.1] AndroidManifest.xml:51:13-61:29
194                <action android:name="android.intent.action.VIEW" />
194-->[com.google.firebase:firebase-auth:21.0.1] AndroidManifest.xml:34:17-69
194-->[com.google.firebase:firebase-auth:21.0.1] AndroidManifest.xml:34:25-66
195
196                <category android:name="android.intent.category.DEFAULT" />
196-->[com.google.firebase:firebase-auth:21.0.1] AndroidManifest.xml:36:17-76
196-->[com.google.firebase:firebase-auth:21.0.1] AndroidManifest.xml:36:27-73
197                <category android:name="android.intent.category.BROWSABLE" />
197-->[com.google.firebase:firebase-auth:21.0.1] AndroidManifest.xml:37:17-78
197-->[com.google.firebase:firebase-auth:21.0.1] AndroidManifest.xml:37:27-75
198
199                <data
199-->[com.google.firebase:firebase-auth:21.0.1] AndroidManifest.xml:39:17-42:51
200                    android:host="firebase.auth"
200-->[com.google.firebase:firebase-auth:21.0.1] AndroidManifest.xml:40:21-49
201                    android:path="/"
201-->[com.google.firebase:firebase-auth:21.0.1] AndroidManifest.xml:41:21-37
202                    android:scheme="recaptcha" />
202-->[com.google.firebase:firebase-auth:21.0.1] AndroidManifest.xml:42:21-48
203            </intent-filter>
204        </activity>
205
206        <service
206-->[com.google.firebase:firebase-auth:21.0.1] AndroidManifest.xml:64:9-73:19
207            android:name="com.google.firebase.auth.api.fallback.service.FirebaseAuthFallbackService"
207-->[com.google.firebase:firebase-auth:21.0.1] AndroidManifest.xml:65:13-101
208            android:enabled="true"
208-->[com.google.firebase:firebase-auth:21.0.1] AndroidManifest.xml:66:13-35
209            android:exported="false" >
209-->[com.google.firebase:firebase-auth:21.0.1] AndroidManifest.xml:67:13-37
210            <intent-filter>
210-->[com.google.firebase:firebase-auth:21.0.1] AndroidManifest.xml:68:13-72:29
211                <action android:name="com.google.firebase.auth.api.gms.service.START" />
211-->[com.google.firebase:firebase-auth:21.0.1] AndroidManifest.xml:69:17-89
211-->[com.google.firebase:firebase-auth:21.0.1] AndroidManifest.xml:69:25-86
212
213                <category android:name="android.intent.category.DEFAULT" />
213-->[com.google.firebase:firebase-auth:21.0.1] AndroidManifest.xml:36:17-76
213-->[com.google.firebase:firebase-auth:21.0.1] AndroidManifest.xml:36:27-73
214            </intent-filter>
215        </service>
216
217        <receiver
217-->[com.google.firebase:firebase-messaging:23.0.0] AndroidManifest.xml:28:9-35:20
218            android:name="com.google.firebase.iid.FirebaseInstanceIdReceiver"
218-->[com.google.firebase:firebase-messaging:23.0.0] AndroidManifest.xml:29:13-78
219            android:exported="true"
219-->[com.google.firebase:firebase-messaging:23.0.0] AndroidManifest.xml:30:13-36
220            android:permission="com.google.android.c2dm.permission.SEND" >
220-->[com.google.firebase:firebase-messaging:23.0.0] AndroidManifest.xml:31:13-73
221            <intent-filter>
221-->[:firebase_messaging] AndroidManifest.xml:28:13-30:29
222                <action android:name="com.google.android.c2dm.intent.RECEIVE" />
222-->[:firebase_messaging] AndroidManifest.xml:29:17-81
222-->[:firebase_messaging] AndroidManifest.xml:29:25-78
223            </intent-filter>
224        </receiver>
225        <!--
226             FirebaseMessagingService performs security checks at runtime,
227             but set to not exported to explicitly avoid allowing another app to call it.
228        -->
229        <service
229-->[com.google.firebase:firebase-messaging:23.0.0] AndroidManifest.xml:41:9-48:19
230            android:name="com.google.firebase.messaging.FirebaseMessagingService"
230-->[com.google.firebase:firebase-messaging:23.0.0] AndroidManifest.xml:42:13-82
231            android:directBootAware="true"
231-->[com.google.firebase:firebase-messaging:23.0.0] AndroidManifest.xml:43:13-43
232            android:exported="false" >
232-->[com.google.firebase:firebase-messaging:23.0.0] AndroidManifest.xml:44:13-37
233            <intent-filter android:priority="-500" >
233-->[:firebase_messaging] AndroidManifest.xml:19:13-21:29
234                <action android:name="com.google.firebase.MESSAGING_EVENT" />
234-->[:firebase_messaging] AndroidManifest.xml:20:17-78
234-->[:firebase_messaging] AndroidManifest.xml:20:25-75
235            </intent-filter>
236        </service>
237
238        <provider
238-->[com.google.firebase:firebase-common:20.0.0] AndroidManifest.xml:26:9-31:39
239            android:name="com.google.firebase.provider.FirebaseInitProvider"
239-->[com.google.firebase:firebase-common:20.0.0] AndroidManifest.xml:27:13-77
240            android:authorities="com.example.gstapp.firebaseinitprovider"
240-->[com.google.firebase:firebase-common:20.0.0] AndroidManifest.xml:28:13-72
241            android:directBootAware="true"
241-->[com.google.firebase:firebase-common:20.0.0] AndroidManifest.xml:29:13-43
242            android:exported="false"
242-->[com.google.firebase:firebase-common:20.0.0] AndroidManifest.xml:30:13-37
243            android:initOrder="100" />
243-->[com.google.firebase:firebase-common:20.0.0] AndroidManifest.xml:31:13-36
244
245        <activity
245-->[com.google.android.gms:play-services-auth:20.0.1] AndroidManifest.xml:23:9-27:75
246            android:name="com.google.android.gms.auth.api.signin.internal.SignInHubActivity"
246-->[com.google.android.gms:play-services-auth:20.0.1] AndroidManifest.xml:24:13-93
247            android:excludeFromRecents="true"
247-->[com.google.android.gms:play-services-auth:20.0.1] AndroidManifest.xml:25:13-46
248            android:exported="false"
248-->[com.google.android.gms:play-services-auth:20.0.1] AndroidManifest.xml:26:13-37
249            android:theme="@android:style/Theme.Translucent.NoTitleBar" />
249-->[com.google.android.gms:play-services-auth:20.0.1] AndroidManifest.xml:27:13-72
250        <!--
251            Service handling Google Sign-In user revocation. For apps that do not integrate with
252            Google Sign-In, this service will never be started.
253        -->
254        <service
254-->[com.google.android.gms:play-services-auth:20.0.1] AndroidManifest.xml:33:9-37:51
255            android:name="com.google.android.gms.auth.api.signin.RevocationBoundService"
255-->[com.google.android.gms:play-services-auth:20.0.1] AndroidManifest.xml:34:13-89
256            android:exported="true"
256-->[com.google.android.gms:play-services-auth:20.0.1] AndroidManifest.xml:35:13-36
257            android:permission="com.google.android.gms.auth.api.signin.permission.REVOCATION_NOTIFICATION"
257-->[com.google.android.gms:play-services-auth:20.0.1] AndroidManifest.xml:36:13-107
258            android:visibleToInstantApps="true" />
258-->[com.google.android.gms:play-services-auth:20.0.1] AndroidManifest.xml:37:13-48
259
260        <activity
260-->[com.google.android.gms:play-services-base:18.0.1] AndroidManifest.xml:20:9-22:45
261            android:name="com.google.android.gms.common.api.GoogleApiActivity"
261-->[com.google.android.gms:play-services-base:18.0.1] AndroidManifest.xml:20:19-85
262            android:exported="false"
262-->[com.google.android.gms:play-services-base:18.0.1] AndroidManifest.xml:22:19-43
263            android:theme="@android:style/Theme.Translucent.NoTitleBar" />
263-->[com.google.android.gms:play-services-base:18.0.1] AndroidManifest.xml:21:19-78
264
265        <receiver
265-->[com.google.android.gms:play-services-measurement:20.0.2] AndroidManifest.xml:29:9-33:20
266            android:name="com.google.android.gms.measurement.AppMeasurementReceiver"
266-->[com.google.android.gms:play-services-measurement:20.0.2] AndroidManifest.xml:30:13-85
267            android:enabled="true"
267-->[com.google.android.gms:play-services-measurement:20.0.2] AndroidManifest.xml:31:13-35
268            android:exported="false" >
268-->[com.google.android.gms:play-services-measurement:20.0.2] AndroidManifest.xml:32:13-37
269        </receiver>
270
271        <service
271-->[com.google.android.gms:play-services-measurement:20.0.2] AndroidManifest.xml:35:9-38:40
272            android:name="com.google.android.gms.measurement.AppMeasurementService"
272-->[com.google.android.gms:play-services-measurement:20.0.2] AndroidManifest.xml:36:13-84
273            android:enabled="true"
273-->[com.google.android.gms:play-services-measurement:20.0.2] AndroidManifest.xml:37:13-35
274            android:exported="false" />
274-->[com.google.android.gms:play-services-measurement:20.0.2] AndroidManifest.xml:38:13-37
275        <service
275-->[com.google.android.gms:play-services-measurement:20.0.2] AndroidManifest.xml:39:9-43:72
276            android:name="com.google.android.gms.measurement.AppMeasurementJobService"
276-->[com.google.android.gms:play-services-measurement:20.0.2] AndroidManifest.xml:40:13-87
277            android:enabled="true"
277-->[com.google.android.gms:play-services-measurement:20.0.2] AndroidManifest.xml:41:13-35
278            android:exported="false"
278-->[com.google.android.gms:play-services-measurement:20.0.2] AndroidManifest.xml:42:13-37
279            android:permission="android.permission.BIND_JOB_SERVICE" />